[16:01:05.283] Global cache location '/home/tsotetsi/.cache/typescript/4.7', safe file path '/home/tsotetsi/Desktop/types/node_modules/typescript/lib/typingSafeList.json', types map path /home/tsotetsi/Desktop/types/node_modules/typescript/lib/typesMap.json
[16:01:05.284] Processing cache location '/home/tsotetsi/.cache/typescript/4.7'
[16:01:05.285] Trying to find '/home/tsotetsi/.cache/typescript/4.7/package.json'...
[16:01:05.286] Loaded content of '/home/tsotetsi/.cache/typescript/4.7/package.json': {"private":true,"dependencies":{"types-registry":"^0.1.602"},"devDependencies":{"@types/eslint":"^8.4.5","@types/gh-pages":"^3.2.1","@types/node":"^18.0.3","@types/react":"^18.0.15","@types/react-dom":"^18.0.6","@types/styled-components":"^5.1.25"}}
[16:01:05.286] Loaded content of '/home/tsotetsi/.cache/typescript/4.7/package-lock.json'
[16:01:05.299] Adding entry into typings cache: 'eslint' => '/home/tsotetsi/.cache/typescript/4.7/node_modules/@types/eslint/index.d.ts'
[16:01:05.303] Adding entry into typings cache: 'gh-pages' => '/home/tsotetsi/.cache/typescript/4.7/node_modules/@types/gh-pages/index.d.ts'
[16:01:05.308] Adding entry into typings cache: 'node' => '/home/tsotetsi/.cache/typescript/4.7/node_modules/@types/node/index.d.ts'
[16:01:05.313] Adding entry into typings cache: 'react' => '/home/tsotetsi/.cache/typescript/4.7/node_modules/@types/react/index.d.ts'
[16:01:05.315] Adding entry into typings cache: 'react-dom' => '/home/tsotetsi/.cache/typescript/4.7/node_modules/@types/react-dom/index.d.ts'
[16:01:05.318] Adding entry into typings cache: 'styled-components' => '/home/tsotetsi/.cache/typescript/4.7/node_modules/@types/styled-components/index.d.ts'
[16:01:05.318] Finished processing cache location '/home/tsotetsi/.cache/typescript/4.7'
[16:01:05.318] Process id: 9949
[16:01:05.318] NPM location: /usr/bin/npm (explicit '--npmLocation' not  provided)
[16:01:05.318] validateDefaultNpmLocation: false
[16:01:05.318] Npm config file: /home/tsotetsi/.cache/typescript/4.7/package.json
[16:01:05.319] Updating types-registry npm package...
[16:01:05.319] Exec: /usr/bin/npm install --ignore-scripts types-registry@latest
[16:01:06.572]     Succeeded. stdout:
    
    up to date, audited 16 packages in 1s

found 0 vulnerabilities

[16:01:06.572] Updated types-registry npm package
[16:01:06.597] Got install request {"projectName":"/home/tsotetsi/Desktop/types/jsconfig.json","fileNames":["/home/tsotetsi/Desktop/types/node_modules/typescript/lib/lib.d.ts","/home/tsotetsi/Desktop/types/node_modules/typescript/lib/lib.es5.d.ts","/home/tsotetsi/Desktop/types/node_modules/typescript/lib/lib.dom.d.ts","/home/tsotetsi/Desktop/types/node_modules/typescript/lib/lib.webworker.importscripts.d.ts","/home/tsotetsi/Desktop/types/node_modules/typescript/lib/lib.scripthost.d.ts","/home/tsotetsi/Desktop/types/env-config.js","/home/tsotetsi/Desktop/types/next.config.js","/home/tsotetsi/Desktop/types/components/Meta.js","/home/tsotetsi/Desktop/types/styles/Theme.js","/home/tsotetsi/Desktop/types/styles/Global.js","/home/tsotetsi/Desktop/types/pages/_app.js","/home/tsotetsi/Desktop/types/pages/_document.js","/home/tsotetsi/Desktop/types/pages/index.js","/home/tsotetsi/Desktop/types/pages/api/hello.js"],"compilerOptions":{"allowJs":true,"maxNodeModuleJsDepth":2,"allowSyntheticDefaultImports":true,"skipLibCheck":true,"noEmit":true,"baseUrl":"/home/tsotetsi/Desktop/types","paths":{"@Components/*":["./components/*"],"Recipes/*":["./pages/noodles/recipes/*"],"Styles/*":["./Styles/*"]},"pathsBasePath":"/home/tsotetsi/Desktop/types","configFilePath":"/home/tsotetsi/Desktop/types/jsconfig.json","allowNonTsExtensions":true},"typeAcquisition":{"enable":true,"include":[],"exclude":[]},"unresolvedImports":["styles"],"projectRootPath":"/home/tsotetsi/Desktop/types","kind":"discover"}
[16:01:06.604] Loaded safelist from types map file '/home/tsotetsi/Desktop/types/node_modules/typescript/lib/typesMap.json'
[16:01:06.604] Explicitly included types: []
[16:01:06.606] Typing names in '/home/tsotetsi/Desktop/types/package.json' dependencies: ["next","react","react-dom","styled-components","babel-plugin-styled-components","eslint","eslint-config-next","gh-pages"]
[16:01:06.606] Searching for typing names in /home/tsotetsi/Desktop/types/node_modules; all files: ["/home/tsotetsi/Desktop/types/node_modules/next/package.json","/home/tsotetsi/Desktop/types/node_modules/react/package.json","/home/tsotetsi/Desktop/types/node_modules/react-dom/package.json","/home/tsotetsi/Desktop/types/node_modules/styled-components/package.json","/home/tsotetsi/Desktop/types/node_modules/babel-plugin-styled-components/package.json","/home/tsotetsi/Desktop/types/node_modules/eslint/package.json","/home/tsotetsi/Desktop/types/node_modules/eslint-config-next/package.json","/home/tsotetsi/Desktop/types/node_modules/gh-pages/package.json"]
[16:01:06.608]     Package 'next' provides its own types.
[16:01:06.614]     Found package names: ["react","react-dom","styled-components","babel-plugin-styled-components","eslint","eslint-config-next","gh-pages"]
[16:01:06.614] Inferred typings from unresolved imports: ["styles"]
[16:01:06.615] Result: {"cachedTypingPaths":["/home/tsotetsi/Desktop/types/node_modules/next/index.d.ts","/home/tsotetsi/.cache/typescript/4.7/node_modules/@types/react/index.d.ts","/home/tsotetsi/.cache/typescript/4.7/node_modules/@types/react-dom/index.d.ts","/home/tsotetsi/.cache/typescript/4.7/node_modules/@types/styled-components/index.d.ts","/home/tsotetsi/.cache/typescript/4.7/node_modules/@types/eslint/index.d.ts","/home/tsotetsi/.cache/typescript/4.7/node_modules/@types/gh-pages/index.d.ts"],"newTypingNames":["babel-plugin-styled-components","eslint-config-next","styles"],"filesToWatch":["/home/tsotetsi/Desktop/types/bower_components","/home/tsotetsi/Desktop/types/package.json","/home/tsotetsi/Desktop/types/node_modules","/home/tsotetsi/Desktop/types/components/bower_components","/home/tsotetsi/Desktop/types/components/node_modules","/home/tsotetsi/Desktop/types/styles/bower_components","/home/tsotetsi/Desktop/types/styles/node_modules","/home/tsotetsi/Desktop/types/pages/bower_components","/home/tsotetsi/Desktop/types/pages/node_modules","/home/tsotetsi/Desktop/types/pages/api/bower_components","/home/tsotetsi/Desktop/types/pages/api/node_modules"]}
[16:01:06.615] Finished typings discovery: {"cachedTypingPaths":["/home/tsotetsi/Desktop/types/node_modules/next/index.d.ts","/home/tsotetsi/.cache/typescript/4.7/node_modules/@types/react/index.d.ts","/home/tsotetsi/.cache/typescript/4.7/node_modules/@types/react-dom/index.d.ts","/home/tsotetsi/.cache/typescript/4.7/node_modules/@types/styled-components/index.d.ts","/home/tsotetsi/.cache/typescript/4.7/node_modules/@types/eslint/index.d.ts","/home/tsotetsi/.cache/typescript/4.7/node_modules/@types/gh-pages/index.d.ts"],"newTypingNames":["babel-plugin-styled-components","eslint-config-next","styles"],"filesToWatch":["/home/tsotetsi/Desktop/types/bower_components","/home/tsotetsi/Desktop/types/package.json","/home/tsotetsi/Desktop/types/node_modules","/home/tsotetsi/Desktop/types/components/bower_components","/home/tsotetsi/Desktop/types/components/node_modules","/home/tsotetsi/Desktop/types/styles/bower_components","/home/tsotetsi/Desktop/types/styles/node_modules","/home/tsotetsi/Desktop/types/pages/bower_components","/home/tsotetsi/Desktop/types/pages/node_modules","/home/tsotetsi/Desktop/types/pages/api/bower_components","/home/tsotetsi/Desktop/types/pages/api/node_modules"]}
[16:01:06.615] DirectoryWatcher:: Added:: WatchInfo: /home/tsotetsi/Desktop/types/bower_components
[16:01:06.615] DirectoryWatcher:: Added:: WatchInfo: /home/tsotetsi/Desktop/types/bower_components 1 undefined Project: /home/tsotetsi/Desktop/types/jsconfig.json watcher already invoked: false
[16:01:06.616] Elapsed:: 1.1941299999598414ms DirectoryWatcher:: Added:: WatchInfo: /home/tsotetsi/Desktop/types/bower_components 1 undefined Project: /home/tsotetsi/Desktop/types/jsconfig.json watcher already invoked: false
[16:01:06.617] FileWatcher:: Added:: WatchInfo: /home/tsotetsi/Desktop/types/package.json
[16:01:06.617] FileWatcher:: Added:: WatchInfo: /home/tsotetsi/Desktop/types/package.json 2000 undefined Project: /home/tsotetsi/Desktop/types/jsconfig.json watcher already invoked: false
[16:01:06.617] DirectoryWatcher:: Added:: WatchInfo: /home/tsotetsi/Desktop/types/node_modules
[16:01:06.617] DirectoryWatcher:: Added:: WatchInfo: /home/tsotetsi/Desktop/types/node_modules 1 undefined Project: /home/tsotetsi/Desktop/types/jsconfig.json watcher already invoked: false
[16:01:06.670] Elapsed:: 53.657296999997925ms DirectoryWatcher:: Added:: WatchInfo: /home/tsotetsi/Desktop/types/node_modules 1 undefined Project: /home/tsotetsi/Desktop/types/jsconfig.json watcher already invoked: false
[16:01:06.671] DirectoryWatcher:: Added:: WatchInfo: /home/tsotetsi/Desktop/types/components
[16:01:06.671] DirectoryWatcher:: Added:: WatchInfo: /home/tsotetsi/Desktop/types/components 1 undefined Project: /home/tsotetsi/Desktop/types/jsconfig.json watcher already invoked: false
[16:01:06.671] Elapsed:: 0.040209999948274344ms DirectoryWatcher:: Added:: WatchInfo: /home/tsotetsi/Desktop/types/components 1 undefined Project: /home/tsotetsi/Desktop/types/jsconfig.json watcher already invoked: false
[16:01:06.671] DirectoryWatcher:: Added:: WatchInfo: /home/tsotetsi/Desktop/types/styles
[16:01:06.671] DirectoryWatcher:: Added:: WatchInfo: /home/tsotetsi/Desktop/types/styles 1 undefined Project: /home/tsotetsi/Desktop/types/jsconfig.json watcher already invoked: false
[16:01:06.671] Elapsed:: 0.032217000029049814ms DirectoryWatcher:: Added:: WatchInfo: /home/tsotetsi/Desktop/types/styles 1 undefined Project: /home/tsotetsi/Desktop/types/jsconfig.json watcher already invoked: false
[16:01:06.671] DirectoryWatcher:: Added:: WatchInfo: /home/tsotetsi/Desktop/types/pages
[16:01:06.671] DirectoryWatcher:: Added:: WatchInfo: /home/tsotetsi/Desktop/types/pages 1 undefined Project: /home/tsotetsi/Desktop/types/jsconfig.json watcher already invoked: false
[16:01:06.671] Elapsed:: 0.0656530000269413ms DirectoryWatcher:: Added:: WatchInfo: /home/tsotetsi/Desktop/types/pages 1 undefined Project: /home/tsotetsi/Desktop/types/jsconfig.json watcher already invoked: false
[16:01:06.671] Installing typings ["babel-plugin-styled-components","eslint-config-next","styles"]
[16:01:06.671] 'babel-plugin-styled-components':: Entry for package 'babel-plugin-styled-components' does not exist in local types registry - skipping...
[16:01:06.671] 'eslint-config-next':: Entry for package 'eslint-config-next' does not exist in local types registry - skipping...
[16:01:06.671] 'styles':: Entry for package 'styles' does not exist in local types registry - skipping...
[16:01:06.671] All typings are known to be missing or invalid - no need to install more typings
[16:01:06.671] Sending response:
    {"projectName":"/home/tsotetsi/Desktop/types/jsconfig.json","typeAcquisition":{"enable":true,"include":[],"exclude":[]},"compilerOptions":{"allowJs":true,"maxNodeModuleJsDepth":2,"allowSyntheticDefaultImports":true,"skipLibCheck":true,"noEmit":true,"baseUrl":"/home/tsotetsi/Desktop/types","paths":{"@Components/*":["./components/*"],"Recipes/*":["./pages/noodles/recipes/*"],"Styles/*":["./Styles/*"]},"pathsBasePath":"/home/tsotetsi/Desktop/types","configFilePath":"/home/tsotetsi/Desktop/types/jsconfig.json","allowNonTsExtensions":true},"typings":["/home/tsotetsi/Desktop/types/node_modules/next/index.d.ts","/home/tsotetsi/.cache/typescript/4.7/node_modules/@types/react/index.d.ts","/home/tsotetsi/.cache/typescript/4.7/node_modules/@types/react-dom/index.d.ts","/home/tsotetsi/.cache/typescript/4.7/node_modules/@types/styled-components/index.d.ts","/home/tsotetsi/.cache/typescript/4.7/node_modules/@types/eslint/index.d.ts","/home/tsotetsi/.cache/typescript/4.7/node_modules/@types/gh-pages/index.d.ts"],"unresolvedImports":["styles"],"kind":"action::set"}
[16:01:06.672] Response has been sent.
[16:01:07.093] Got install request {"projectName":"/home/tsotetsi/Desktop/types/jsconfig.json","fileNames":["/home/tsotetsi/Desktop/types/node_modules/typescript/lib/lib.d.ts","/home/tsotetsi/Desktop/types/node_modules/typescript/lib/lib.es5.d.ts","/home/tsotetsi/Desktop/types/node_modules/typescript/lib/lib.dom.d.ts","/home/tsotetsi/Desktop/types/node_modules/typescript/lib/lib.webworker.importscripts.d.ts","/home/tsotetsi/Desktop/types/node_modules/typescript/lib/lib.scripthost.d.ts","/home/tsotetsi/Desktop/types/env-config.js","/home/tsotetsi/Desktop/types/next.config.js","/home/tsotetsi/.cache/typescript/4.7/node_modules/@types/react/global.d.ts","/home/tsotetsi/.cache/typescript/4.7/node_modules/@types/react/index.d.ts","/home/tsotetsi/Desktop/types/node_modules/next/head.d.ts","/home/tsotetsi/Desktop/types/components/Meta.js","/home/tsotetsi/.cache/typescript/4.7/node_modules/@types/styled-components/index.d.ts","/home/tsotetsi/Desktop/types/styles/Theme.js","/home/tsotetsi/Desktop/types/styles/Global.js","/home/tsotetsi/Desktop/types/pages/_app.js","/home/tsotetsi/Desktop/types/node_modules/next/document.d.ts","/home/tsotetsi/Desktop/types/pages/_document.js","/home/tsotetsi/Desktop/types/pages/index.js","/home/tsotetsi/Desktop/types/pages/api/hello.js","/home/tsotetsi/.cache/typescript/4.7/node_modules/@types/eslint/helpers.d.ts","/home/tsotetsi/.cache/typescript/4.7/node_modules/@types/eslint/index.d.ts","/home/tsotetsi/.cache/typescript/4.7/node_modules/@types/gh-pages/index.d.ts","/home/tsotetsi/.cache/typescript/4.7/node_modules/@types/react-dom/index.d.ts","/home/tsotetsi/Desktop/types/node_modules/next/dist/styled-jsx-types/global.d.ts","/home/tsotetsi/Desktop/types/node_modules/next/amp.d.ts","/home/tsotetsi/Desktop/types/node_modules/next/app.d.ts","/home/tsotetsi/Desktop/types/node_modules/next/config.d.ts","/home/tsotetsi/Desktop/types/node_modules/next/dynamic.d.ts","/home/tsotetsi/Desktop/types/node_modules/next/error.d.ts","/home/tsotetsi/Desktop/types/node_modules/next/image.d.ts","/home/tsotetsi/Desktop/types/node_modules/next/link.d.ts","/home/tsotetsi/Desktop/types/node_modules/next/router.d.ts","/home/tsotetsi/Desktop/types/node_modules/next/script.d.ts","/home/tsotetsi/Desktop/types/node_modules/next/server.d.ts","/home/tsotetsi/Desktop/types/node_modules/next/index.d.ts"],"compilerOptions":{"allowJs":true,"maxNodeModuleJsDepth":2,"allowSyntheticDefaultImports":true,"skipLibCheck":true,"noEmit":true,"baseUrl":"/home/tsotetsi/Desktop/types","paths":{"@Components/*":["./components/*"],"Recipes/*":["./pages/noodles/recipes/*"],"Styles/*":["./Styles/*"]},"pathsBasePath":"/home/tsotetsi/Desktop/types","configFilePath":"/home/tsotetsi/Desktop/types/jsconfig.json","allowNonTsExtensions":true},"typeAcquisition":{"enable":true,"include":[],"exclude":[]},"unresolvedImports":["styles"],"projectRootPath":"/home/tsotetsi/Desktop/types","kind":"discover"}
[16:01:07.094] Explicitly included types: []
[16:01:07.094] Typing names in '/home/tsotetsi/Desktop/types/package.json' dependencies: ["next","react","react-dom","styled-components","babel-plugin-styled-components","eslint","eslint-config-next","gh-pages"]
[16:01:07.094] Searching for typing names in /home/tsotetsi/Desktop/types/node_modules; all files: ["/home/tsotetsi/Desktop/types/node_modules/next/package.json","/home/tsotetsi/Desktop/types/node_modules/react/package.json","/home/tsotetsi/Desktop/types/node_modules/react-dom/package.json","/home/tsotetsi/Desktop/types/node_modules/styled-components/package.json","/home/tsotetsi/Desktop/types/node_modules/babel-plugin-styled-components/package.json","/home/tsotetsi/Desktop/types/node_modules/eslint/package.json","/home/tsotetsi/Desktop/types/node_modules/eslint-config-next/package.json","/home/tsotetsi/Desktop/types/node_modules/gh-pages/package.json"]
[16:01:07.100]     Package 'next' provides its own types.
[16:01:07.103]     Found package names: ["react","react-dom","styled-components","babel-plugin-styled-components","eslint","eslint-config-next","gh-pages"]
[16:01:07.104] Inferred typings from unresolved imports: ["styles"]
[16:01:07.104] Result: {"cachedTypingPaths":["/home/tsotetsi/Desktop/types/node_modules/next/index.d.ts","/home/tsotetsi/.cache/typescript/4.7/node_modules/@types/react/index.d.ts","/home/tsotetsi/.cache/typescript/4.7/node_modules/@types/react-dom/index.d.ts","/home/tsotetsi/.cache/typescript/4.7/node_modules/@types/styled-components/index.d.ts","/home/tsotetsi/.cache/typescript/4.7/node_modules/@types/eslint/index.d.ts","/home/tsotetsi/.cache/typescript/4.7/node_modules/@types/gh-pages/index.d.ts"],"newTypingNames":["babel-plugin-styled-components","eslint-config-next","styles"],"filesToWatch":["/home/tsotetsi/Desktop/types/bower_components","/home/tsotetsi/Desktop/types/package.json","/home/tsotetsi/Desktop/types/node_modules","/home/tsotetsi/Desktop/types/components/bower_components","/home/tsotetsi/Desktop/types/components/node_modules","/home/tsotetsi/Desktop/types/styles/bower_components","/home/tsotetsi/Desktop/types/styles/node_modules","/home/tsotetsi/Desktop/types/pages/bower_components","/home/tsotetsi/Desktop/types/pages/node_modules","/home/tsotetsi/Desktop/types/pages/api/bower_components","/home/tsotetsi/Desktop/types/pages/api/node_modules"]}
[16:01:07.104] Finished typings discovery: {"cachedTypingPaths":["/home/tsotetsi/Desktop/types/node_modules/next/index.d.ts","/home/tsotetsi/.cache/typescript/4.7/node_modules/@types/react/index.d.ts","/home/tsotetsi/.cache/typescript/4.7/node_modules/@types/react-dom/index.d.ts","/home/tsotetsi/.cache/typescript/4.7/node_modules/@types/styled-components/index.d.ts","/home/tsotetsi/.cache/typescript/4.7/node_modules/@types/eslint/index.d.ts","/home/tsotetsi/.cache/typescript/4.7/node_modules/@types/gh-pages/index.d.ts"],"newTypingNames":["babel-plugin-styled-components","eslint-config-next","styles"],"filesToWatch":["/home/tsotetsi/Desktop/types/bower_components","/home/tsotetsi/Desktop/types/package.json","/home/tsotetsi/Desktop/types/node_modules","/home/tsotetsi/Desktop/types/components/bower_components","/home/tsotetsi/Desktop/types/components/node_modules","/home/tsotetsi/Desktop/types/styles/bower_components","/home/tsotetsi/Desktop/types/styles/node_modules","/home/tsotetsi/Desktop/types/pages/bower_components","/home/tsotetsi/Desktop/types/pages/node_modules","/home/tsotetsi/Desktop/types/pages/api/bower_components","/home/tsotetsi/Desktop/types/pages/api/node_modules"]}
[16:01:07.104] Installing typings ["babel-plugin-styled-components","eslint-config-next","styles"]
[16:01:07.104] 'babel-plugin-styled-components':: Entry for package 'babel-plugin-styled-components' does not exist in local types registry - skipping...
[16:01:07.104] 'eslint-config-next':: Entry for package 'eslint-config-next' does not exist in local types registry - skipping...
[16:01:07.104] 'styles':: Entry for package 'styles' does not exist in local types registry - skipping...
[16:01:07.104] All typings are known to be missing or invalid - no need to install more typings
[16:01:07.104] Sending response:
    {"projectName":"/home/tsotetsi/Desktop/types/jsconfig.json","typeAcquisition":{"enable":true,"include":[],"exclude":[]},"compilerOptions":{"allowJs":true,"maxNodeModuleJsDepth":2,"allowSyntheticDefaultImports":true,"skipLibCheck":true,"noEmit":true,"baseUrl":"/home/tsotetsi/Desktop/types","paths":{"@Components/*":["./components/*"],"Recipes/*":["./pages/noodles/recipes/*"],"Styles/*":["./Styles/*"]},"pathsBasePath":"/home/tsotetsi/Desktop/types","configFilePath":"/home/tsotetsi/Desktop/types/jsconfig.json","allowNonTsExtensions":true},"typings":["/home/tsotetsi/Desktop/types/node_modules/next/index.d.ts","/home/tsotetsi/.cache/typescript/4.7/node_modules/@types/react/index.d.ts","/home/tsotetsi/.cache/typescript/4.7/node_modules/@types/react-dom/index.d.ts","/home/tsotetsi/.cache/typescript/4.7/node_modules/@types/styled-components/index.d.ts","/home/tsotetsi/.cache/typescript/4.7/node_modules/@types/eslint/index.d.ts","/home/tsotetsi/.cache/typescript/4.7/node_modules/@types/gh-pages/index.d.ts"],"unresolvedImports":["styles"],"kind":"action::set"}
[16:01:07.104] Response has been sent.
